2023-05-09 12:01:44,075 INFO com.hdfc.capstone.employeemanagement.EmployeeManagementApplication [main] Starting EmployeeManagementApplication using Java 17.0.7 on Akshat with PID 14208 (C:\Users\acer\OneDrive\Desktop\SecondProject\EmployeeManagementApplication\bin\main started by acer in C:\Users\acer\OneDrive\Desktop\SecondProject\EmployeeManagementApplication)
2023-05-09 12:01:44,165 INFO com.hdfc.capstone.employeemanagement.EmployeeManagementApplication [main] No active profile set, falling back to 1 default profile: "default"
2023-05-09 12:01:46,686 INFO org.springframework.data.repository.config.RepositoryConfigurationDelegate [main] Bootstrapping Spring Data JPA repositories in DEFAULT mode.
2023-05-09 12:01:46,888 INFO org.springframework.data.repository.config.RepositoryConfigurationDelegate [main] Finished Spring Data repository scanning in 158 ms. Found 1 JPA repository interfaces.
2023-05-09 12:01:48,525 INFO org.springframework.boot.web.embedded.tomcat.TomcatWebServer [main] Tomcat initialized with port(s): 8181 (https)
2023-05-09 12:01:48,668 INFO org.apache.catalina.core.StandardService [main] Starting service [Tomcat]
2023-05-09 12:01:48,687 INFO org.apache.catalina.core.StandardEngine [main] Starting Servlet engine: [Apache Tomcat/9.0.74]
2023-05-09 12:01:49,195 INFO org.apache.catalina.core.ContainerBase.[Tomcat].[localhost].[/] [main] Initializing Spring embedded WebApplicationContext
2023-05-09 12:01:49,198 INFO org.springframework.boot.web.servlet.context.ServletWebServerApplicationContext [main] Root WebApplicationContext: initialization completed in 4657 ms
2023-05-09 12:01:49,569 INFO org.hibernate.jpa.internal.util.LogHelper [main] HHH000204: Processing PersistenceUnitInfo [name: default]
2023-05-09 12:01:49,743 INFO org.hibernate.Version [main] HHH000412: Hibernate ORM core version 5.6.15.Final
2023-05-09 12:01:50,214 INFO org.hibernate.annotations.common.Version [main] HCANN000001: Hibernate Commons Annotations {5.1.2.Final}
2023-05-09 12:01:50,559 INFO com.zaxxer.hikari.HikariDataSource [main] HikariPool-1 - Starting...
2023-05-09 12:01:51,617 INFO com.zaxxer.hikari.HikariDataSource [main] HikariPool-1 - Start completed.
2023-05-09 12:01:51,972 INFO org.hibernate.dialect.Dialect [main] HHH000400: Using dialect: org.hibernate.dialect.MySQL8Dialect
2023-05-09 12:01:54,178 INFO org.hibernate.engine.transaction.jta.platform.internal.JtaPlatformInitiator [main] HHH000490: Using JtaPlatform implementation: [org.hibernate.engine.transaction.jta.platform.internal.NoJtaPlatform]
2023-05-09 12:01:54,217 INFO org.springframework.orm.jpa.LocalContainerEntityManagerFactoryBean [main] Initialized JPA EntityManagerFactory for persistence unit 'default'
2023-05-09 12:01:55,568 WARN org.springframework.boot.autoconfigure.orm.jpa.JpaBaseConfiguration$JpaWebConfiguration [main] spring.jpa.open-in-view is enabled by default. Therefore, database queries may be performed during view rendering. Explicitly configure spring.jpa.open-in-view to disable this warning
2023-05-09 12:01:59,165 INFO org.apache.tomcat.util.net.NioEndpoint.certificate [main] Connector [https-jsse-nio-8181], TLS virtual host [_default_], certificate type [UNDEFINED] configured from [file:/C:/Users/acer/OneDrive/Desktop/SecondProject/EmployeeManagementApplication/bin/main/https-employee.jks] using alias [employee-https] and with trust store [null]
2023-05-09 12:01:59,223 INFO org.springframework.boot.web.embedded.tomcat.TomcatWebServer [main] Tomcat started on port(s): 8181 (https) with context path ''
2023-05-09 12:01:59,260 INFO com.hdfc.capstone.employeemanagement.EmployeeManagementApplication [main] Started EmployeeManagementApplication in 18.099 seconds (JVM running for 21.84)
2023-05-09 12:04:29,482 INFO org.apache.catalina.core.ContainerBase.[Tomcat].[localhost].[/] [https-jsse-nio-8181-exec-4] Initializing Spring DispatcherServlet 'dispatcherServlet'
2023-05-09 12:04:29,488 INFO org.springframework.web.servlet.DispatcherServlet [https-jsse-nio-8181-exec-4] Initializing Servlet 'dispatcherServlet'
2023-05-09 12:04:29,490 INFO org.springframework.web.servlet.DispatcherServlet [https-jsse-nio-8181-exec-4] Completed initialization in 2 ms
2023-05-09 12:04:29,769 INFO com.hdfc.capstone.employeemanagement.controller.EmployeeRestController [https-jsse-nio-8181-exec-4] EmployeeId: 19064
2023-05-09 12:04:40,573 INFO com.hdfc.capstone.employeemanagement.controller.EmployeeRestController [https-jsse-nio-8181-exec-5] EmployeeId: 19064
2023-05-09 12:05:10,712 INFO org.springframework.boot.admin.SpringApplicationAdminMXBeanRegistrar$SpringApplicationAdmin [RMI TCP Connection(7)-127.0.0.1] Application shutdown requested.
2023-05-09 12:05:10,762 INFO org.apache.catalina.core.StandardService [RMI TCP Connection(7)-127.0.0.1] Stopping service [Tomcat]
2023-05-09 12:05:10,777 INFO org.apache.catalina.core.ContainerBase.[Tomcat].[localhost].[/] [RMI TCP Connection(7)-127.0.0.1] Destroying Spring FrameworkServlet 'dispatcherServlet'
2023-05-09 12:05:10,811 INFO org.springframework.orm.jpa.LocalContainerEntityManagerFactoryBean [RMI TCP Connection(7)-127.0.0.1] Closing JPA EntityManagerFactory for persistence unit 'default'
2023-05-09 12:05:10,946 INFO com.zaxxer.hikari.HikariDataSource [RMI TCP Connection(7)-127.0.0.1] HikariPool-1 - Shutdown initiated...
2023-05-09 12:05:11,022 INFO com.zaxxer.hikari.HikariDataSource [RMI TCP Connection(7)-127.0.0.1] HikariPool-1 - Shutdown completed.
